  01-hello.cpp
  02-名称空间.cpp
  03-输出字符串中的数字.cpp
  04-小写字母转大写字母.cpp
  05-引用实列.cpp
D:\code\c\Yqian\Mycode\study\3-第三阶段\1-code\05-引用实列.cpp(1,1): warning C4819: 该文件包含不能在当前代码页(936)中表示的字符。请将该文件保存为 Unicode 格式以防止数据丢失
  06-整型交换.cpp
D:\code\c\Yqian\Mycode\study\3-第三阶段\1-code\06-整型交换.cpp(1,1): warning C4819: 该文件包含不能在当前代码页(936)中表示的字符。请将该文件保存为 Unicode 格式以防止数据丢失
  07-默认参数.cpp
D:\code\c\Yqian\Mycode\study\3-第三阶段\1-code\07-默认参数.cpp(1,1): warning C4819: 该文件包含不能在当前代码页(936)中表示的字符。请将该文件保存为 Unicode 格式以防止数据丢失
D:\code\c\Yqian\Mycode\study\3-第三阶段\1-code\07-默认参数.cpp(4,29): error C2001: 常量中有换行符
D:\code\c\Yqian\Mycode\study\3-第三阶段\1-code\07-默认参数.cpp(6,1): error C2144: 语法错误:“int”的前面应有“)”
D:\code\c\Yqian\Mycode\study\3-第三阶段\1-code\07-默认参数.cpp(6,1): error C2144: 语法错误:“int”的前面应有“;”
D:\code\c\Yqian\Mycode\study\3-第三阶段\1-code\07-默认参数.cpp(12,5): error C2660: “foo”: 函数不接受 2 个参数
  08-内联函数.cpp
  10-class.cpp
D:\code\c\Yqian\Mycode\study\3-第三阶段\1-code\10-class.cpp(1,1): warning C4819: 该文件包含不能在当前代码页(936)中表示的字符。请将该文件保存为 Unicode 格式以防止数据丢失
D:\code\c\Yqian\Mycode\study\3-第三阶段\1-code\10-class.cpp(49,44): error C2001: 常量中有换行符
D:\code\c\Yqian\Mycode\study\3-第三阶段\1-code\10-class.cpp(49,17): error C3688: 文本后缀“im”无效；未找到文文本运算符或文本运算符模板“operator """"im”
D:\code\c\Yqian\Mycode\study\3-第三阶段\1-code\10-class.cpp(49,41): error C2146: 语法错误: 缺少“)”(在标识符“pig”的前面)
  11-test-point.cpp
D:\code\c\Yqian\Mycode\study\3-第三阶段\1-code\point.hpp(1,1): warning C4819: 该文件包含不能在当前代码页(936)中表示的字符。请将该文件保存为 Unicode 格式以防止数据丢失
D:\code\c\Yqian\Mycode\study\3-第三阶段\1-code\point.hpp(21,19): error C4596: “getColor”: 成员声明中的非法限定名
  12-test-color.cpp
  13-构造函数.cpp
  14-初始化列表.cpp
D:\code\c\Yqian\Mycode\study\3-第三阶段\1-code\14-初始化列表.cpp(1,1): warning C4819: 该文件包含不能在当前代码页(936)中表示的字符。请将该文件保存为 Unicode 格式以防止数据丢失
  15-析构函数.cpp
  16-动态内存.cpp
  17-string.cpp
  18-练习list.cpp
D:\code\c\Yqian\Mycode\study\3-第三阶段\1-code\18-练习list.cpp(1,1): warning C4819: 该文件包含不能在当前代码页(936)中表示的字符。请将该文件保存为 Unicode 格式以防止数据丢失
  19.类型转换.cpp
  20-异常.cpp
  21-拷贝构造函数.cpp
  正在生成代码...
  正在编译...
  22-友元函数.cpp
D:\code\c\Yqian\Mycode\study\3-第三阶段\1-code\22-友元函数.cpp(1,1): warning C4819: 该文件包含不能在当前代码页(936)中表示的字符。请将该文件保存为 Unicode 格式以防止数据丢失
  23-双目运算符示例.cpp
D:\code\c\Yqian\Mycode\study\3-第三阶段\1-code\23-双目运算符示例.cpp(1,1): warning C4819: 该文件包含不能在当前代码页(936)中表示的字符。请将该文件保存为 Unicode 格式以防止数据丢失
  24-自增运算符.cpp
D:\code\c\Yqian\Mycode\study\3-第三阶段\1-code\24-自增运算符.cpp(1,1): warning C4819: 该文件包含不能在当前代码页(936)中表示的字符。请将该文件保存为 Unicode 格式以防止数据丢失
  25-下标运算符.cpp
  26-函数调用运算符.cpp
  27-lambda表达式.cpp
D:\code\c\Yqian\Mycode\study\3-第三阶段\1-code\27-lambda表达式.cpp(1,1): warning C4819: 该文件包含不能在当前代码页(936)中表示的字符。请将该文件保存为 Unicode 格式以防止数据丢失
D:\code\c\Yqian\Mycode\study\3-第三阶段\1-code\27-lambda表达式.cpp(4,33): error C3533: 参数不能为包含“auto”的类型
  28-对象的移动.cpp
D:\code\c\Yqian\Mycode\study\3-第三阶段\1-code\28-对象的移动.cpp(11,9): error C4996: 'strcpy': This function or variable may be unsafe. Consider using strcpy_s instead. To disable deprecation, use _CRT_SECURE_NO_WARNINGS. See online help for details.
  正在生成代码...
